<?xml version="1.0" encoding="UTF-8"?>
<!-- Generated by org.testng.reporters.JUnitXMLReporter -->
<testsuite hostname="DESKTOP-0N5HNNC" ignored="0" name="Test" tests="3" failures="0" timestamp="12 Jul 2020 05:32:18 GMT" time="53.773" errors="0">
  <testcase name="test_Home_Page_After_Login" time="7.396" classname="test.TestNewCustomer"/>
  <testcase name="test_Home_Page_After_Login" time="4.979" classname="test.TestLogin"/>
  <testcase name="fillNewCustomer" time="3.734" classname="test.TestNewCustomer"/>
</testsuite> <!-- Test -->
