<?xml version="1.0" encoding="UTF-8"?>
<testng-results skipped="0" failed="0" ignored="0" total="1" passed="1">
  <reporter-output>
  </reporter-output>
  <suite name="Default suite" duration-ms="32288" started-at="2020-06-30T13:01:28Z" finished-at="2020-06-30T13:02:01Z">
    <groups>
    </groups>
    <test name="Default test" duration-ms="32288" started-at="2020-06-30T13:01:28Z" finished-at="2020-06-30T13:02:01Z">
      <class name="test.TestLogin">
        <test-method status="PASS" signature="setup()[pri:0, instance:test.TestLogin@61832929]" name="setup" is-config="true" duration-ms="22627" started-at="2020-06-30T13:01:28Z" finished-at="2020-06-30T13:01:51Z">
          <reporter-output>
          </reporter-output>
        </test-method> <!-- setup -->
        <test-method status="PASS" signature="test_Home_Page_After_Login()[pri:0, instance:test.TestLogin@61832929]" name="test_Home_Page_After_Login" duration-ms="9617" started-at="2020-06-30T13:01:51Z" finished-at="2020-06-30T13:02:01Z">
          <reporter-output>
          </reporter-output>
        </test-method> <!-- test_Home_Page_After_Login -->
      </class> <!-- test.TestLogin -->
    </test> <!-- Default test -->
  </suite> <!-- Default suite -->
</testng-results>
